<?xml version="1.0" encoding="UTF-8"?>
<testng-results ignored="0" total="1" passed="1" failed="0" skipped="0">
  <reporter-output>
  </reporter-output>
  <suite started-at="2021-01-14T13:56:14Z" name="Suite" finished-at="2021-01-14T13:56:28Z" duration-ms="13769">
    <groups>
    </groups>
    <test started-at="2021-01-14T13:56:14Z" name="Test" finished-at="2021-01-14T13:56:28Z" duration-ms="13769">
      <class name="facebookLogin.FacebookLogin">
        <test-method signature="loginPage()[pri:0, instance:facebookLogin.FacebookLogin@46cdf8bd]" started-at="2021-01-14T13:56:14Z" name="loginPage" finished-at="2021-01-14T13:56:28Z" duration-ms="13757" status="PASS">
          <reporter-output>
          </reporter-output>
        </test-method> <!-- loginPage -->
      </class> <!-- facebookLogin.FacebookLogin -->
    </test> <!-- Test -->
  </suite> <!-- Suite -->
</testng-results>
