<?xml version="1.0" encoding="UTF-8"?>
<testng-results ignored="0" total="1" passed="1" failed="0" skipped="0">
  <reporter-output>
  </reporter-output>
  <suite started-at="2021-01-14T11:21:11Z" name="Suite" finished-at="2021-01-14T11:21:22Z" duration-ms="11629">
    <groups>
    </groups>
    <test started-at="2021-01-14T11:21:11Z" name="Test" finished-at="2021-01-14T11:21:22Z" duration-ms="11629">
      <class name="facebookLogin.FacebookLogin">
        <test-method signature="login()[pri:0, instance:facebookLogin.FacebookLogin@46cdf8bd]" started-at="2021-01-14T11:21:11Z" name="login" finished-at="2021-01-14T11:21:22Z" duration-ms="11617" status="PASS">
          <reporter-output>
          </reporter-output>
        </test-method> <!-- login -->
      </class> <!-- facebookLogin.FacebookLogin -->
    </test> <!-- Test -->
  </suite> <!-- Suite -->
</testng-results>
